

***********************************************************************
Fatal NI connect error 12541, connecting to:
 (DESCRIPTION=(ADDRESS=(PROTOCOL=TCP)(HOST=10.23.191.50)(PORT=1521))(CONNECT_DATA=(SERVER=DEDICATED)(SERVICE_NAME=GSCB)(CID=(PROGRAM=D:\oracle\product\10.2.0\db_1\bin\proc.exe)(HOST=OPTIMABCM)(USER=Administrator))))

  VERSION INFORMATION:
	TNS for 32-bit Windows: Version 10.2.0.5.0 - Production
	Windows NT TCP/IP NT Protocol Adapter for 32-bit Windows: Version 10.2.0.5.0 - Production
  Time: 13-APR-2017 14:37:17
  Tracing not turned on.
  Tns error struct:
    ns main err code: 12541
    TNS-12541: TNS:no listener
    ns secondary err code: 12560
    nt main err code: 511
    TNS-00511: No listener
    nt secondary err code: 61
    nt OS err code: 0


***********************************************************************
Fatal NI connect error 12514, connecting to:
 (DESCRIPTION=(ADDRESS=(PROTOCOL=TCP)(HOST=10.23.191.50)(PORT=1521))(CONNECT_DATA=(SERVER=DEDICATED)(SERVICE_NAME=GSCB)(CID=(PROGRAM=D:\oracle\product\10.2.0\db_1\bin\proc.exe)(HOST=OPTIMABCM)(USER=Administrator))))

  VERSION INFORMATION:
	TNS for 32-bit Windows: Version 10.2.0.5.0 - Production
	Windows NT TCP/IP NT Protocol Adapter for 32-bit Windows: Version 10.2.0.5.0 - Production
  Time: 09-MAY-2017 15:00:53
  Tracing not turned on.
  Tns error struct:
    ns main err code: 12564
    TNS-12564: TNS:connection refused
    ns secondary err code: 0
    nt main err code: 0
    nt secondary err code: 0
    nt OS err code: 0


***********************************************************************
Fatal NI connect error 12541, connecting to:
 (DESCRIPTION=(ADDRESS=(PROTOCOL=TCP)(HOST=10.23.191.50)(PORT=1521))(CONNECT_DATA=(SERVER=DEDICATED)(SERVICE_NAME=GSCB)(CID=(PROGRAM=D:\oracle\product\10.2.0\db_1\bin\proc.exe)(HOST=OPTIMABCM)(USER=Administrator))))

  VERSION INFORMATION:
	TNS for 32-bit Windows: Version 10.2.0.5.0 - Production
	Windows NT TCP/IP NT Protocol Adapter for 32-bit Windows: Version 10.2.0.5.0 - Production
  Time: 07-JUN-2017 16:54:44
  Tracing not turned on.
  Tns error struct:
    ns main err code: 12541
    TNS-12541: TNS:no listener
    ns secondary err code: 12560
    nt main err code: 511
    TNS-00511: No listener
    nt secondary err code: 61
    nt OS err code: 0


***********************************************************************
Fatal NI connect error 12514, connecting to:
 (DESCRIPTION=(ADDRESS=(PROTOCOL=TCP)(HOST=10.23.191.50)(PORT=1521))(CONNECT_DATA=(SERVER=DEDICATED)(SERVICE_NAME=GSCB)(CID=(PROGRAM=D:\oracle\product\10.2.0\db_1\bin\proc.exe)(HOST=OPTIMABCM)(USER=Administrator))))

  VERSION INFORMATION:
	TNS for 32-bit Windows: Version 10.2.0.5.0 - Production
	Windows NT TCP/IP NT Protocol Adapter for 32-bit Windows: Version 10.2.0.5.0 - Production
  Time: 08-JUN-2017 11:13:18
  Tracing not turned on.
  Tns error struct:
    ns main err code: 12564
    TNS-12564: TNS:connection refused
    ns secondary err code: 0
    nt main err code: 0
    nt secondary err code: 0
    nt OS err code: 0


***********************************************************************
Fatal NI connect error 12541, connecting to:
 (DESCRIPTION=(ADDRESS=(PROTOCOL=TCP)(HOST=10.23.191.50)(PORT=1521))(CONNECT_DATA=(SERVER=DEDICATED)(SERVICE_NAME=GSCB)(CID=(PROGRAM=D:\oracle\product\10.2.0\db_1\bin\proc.exe)(HOST=OPTIMABCM)(USER=Administrator))))

  VERSION INFORMATION:
	TNS for 32-bit Windows: Version 10.2.0.5.0 - Production
	Windows NT TCP/IP NT Protocol Adapter for 32-bit Windows: Version 10.2.0.5.0 - Production
  Time: 11-JUN-2020 12:30:18
  Tracing not turned on.
  Tns error struct:
    ns main err code: 12541
    TNS-12541: TNS:no listener
    ns secondary err code: 12560
    nt main err code: 511
    TNS-00511: No listener
    nt secondary err code: 61
    nt OS err code: 0


***********************************************************************
Fatal NI connect error 12541, connecting to:
 (DESCRIPTION=(ADDRESS=(PROTOCOL=TCP)(HOST=10.23.191.50)(PORT=1521))(CONNECT_DATA=(SERVER=DEDICATED)(SERVICE_NAME=GSCB)(CID=(PROGRAM=D:\oracle\product\10.2.0\db_1\bin\proc.exe)(HOST=OPTIMABCM)(USER=Administrator))))

  VERSION INFORMATION:
	TNS for 32-bit Windows: Version 10.2.0.5.0 - Production
	Windows NT TCP/IP NT Protocol Adapter for 32-bit Windows: Version 10.2.0.5.0 - Production
  Time: 11-JUN-2020 12:30:30
  Tracing not turned on.
  Tns error struct:
    ns main err code: 12541
    TNS-12541: TNS:no listener
    ns secondary err code: 12560
    nt main err code: 511
    TNS-00511: No listener
    nt secondary err code: 61
    nt OS err code: 0
